<?xml version="1.0" encoding="UTF-8"?>
<testng-results ignored="0" total="1" passed="1" failed="0" skipped="0">
  <reporter-output>
  </reporter-output>
  <suite started-at="2022-07-19T14:32:32 IST" name="Default suite" finished-at="2022-07-19T14:32:37 IST" duration-ms="5536">
    <groups>
    </groups>
    <test started-at="2022-07-19T14:32:32 IST" name="Default test" finished-at="2022-07-19T14:32:37 IST" duration-ms="5536">
      <class name="Hithaaa.Contactus">
        <test-method signature="hiiii()[pri:0, instance:Hithaaa.Contactus@3f197a46]" started-at="2022-07-19T14:32:32 IST" name="hiiii" finished-at="2022-07-19T14:32:37 IST" duration-ms="5494" status="PASS">
          <reporter-output>
          </reporter-output>
        </test-method> <!-- hiiii -->
      </class> <!-- Hithaaa.Contactus -->
    </test> <!-- Default test -->
  </suite> <!-- Default suite -->
</testng-results>
